<?xml version="1.0" encoding="UTF-8"?>
<!-- Generated by org.testng.reporters.JUnitReportReporter -->
<testsuite hostname="DESKTOP-I2TR69D" failures="0" tests="1" name="apiscripts.Create_shopper" time="6.350" errors="0" timestamp="2024-12-05T18:18:51 IST" skipped="0">
  <testcase classname="apiscripts.Create_shopper" name="create" time="6.350"/>
  <system-out/>
</testsuite> <!-- apiscripts.Create_shopper -->
