<?xml version="1.0" encoding="UTF-8"?>
<!-- Generated by org.testng.reporters.JUnitReportReporter -->
<testsuite hostname="DESKTOP-I2TR69D" failures="0" tests="1" name="apiscripts.login_shopper" time="5.944" errors="0" timestamp="2024-12-05T18:19:10 IST" skipped="0">
  <testcase classname="apiscripts.login_shopper" name="logic" time="5.944"/>
  <system-out/>
</testsuite> <!-- apiscripts.login_shopper -->
